[2017-09-10T14:57:59,847][INFO ][o.e.n.Node               ] [w_6bV9o] stopping ...
[2017-09-10T14:57:59,932][INFO ][o.e.n.Node               ] [w_6bV9o] stopped
[2017-09-10T14:57:59,932][INFO ][o.e.n.Node               ] [w_6bV9o] closing ...
[2017-09-10T14:57:59,944][INFO ][o.e.n.Node               ] [w_6bV9o] closed
[2017-09-10T14:58:10,713][INFO ][o.e.n.Node               ] [] initializing ...
[2017-09-10T14:58:10,792][INFO ][o.e.e.NodeEnvironment    ] [w_6bV9o] using [1] data paths, mounts [[/ (/dev/disk1)]], net usable_space [121.4gb], net total_space [232.6gb], spins? [unknown], types [hfs]
[2017-09-10T14:58:10,793][INFO ][o.e.e.NodeEnvironment    ] [w_6bV9o] heap size [1.9gb], compressed ordinary object pointers [true]
[2017-09-10T14:58:10,822][INFO ][o.e.n.Node               ] node name [w_6bV9o] derived from node ID [w_6bV9orSiGBnAiO73nMrw]; set [node.name] to override
[2017-09-10T14:58:10,822][INFO ][o.e.n.Node               ] version[5.5.2], pid[21683], build[b2f0c09/2017-08-14T12:33:14.154Z], OS[Mac OS X/10.12.6/x86_64], JVM[Oracle Corporation/Java HotSpot(TM) 64-Bit Server VM/1.8.0_131/25.131-b11]
[2017-09-10T14:58:10,822][INFO ][o.e.n.Node               ] JVM arguments [-Xms2g, -Xmx2g, -XX:+UseConcMarkSweepGC, -XX:CMSInitiatingOccupancyFraction=75, -XX:+UseCMSInitiatingOccupancyOnly, -XX:+AlwaysPreTouch, -Xss1m, -Djava.awt.headless=true, -Dfile.encoding=UTF-8, -Djna.nosys=true, -Djdk.io.permissionsUseCanonicalPath=true, -Dio.netty.noUnsafe=true, -Dio.netty.noKeySetOptimization=true, -Dio.netty.recycler.maxCapacityPerThread=0, -Dlog4j.shutdownHookEnabled=false, -Dlog4j2.disable.jmx=true, -Dlog4j.skipJansi=true, -XX:+HeapDumpOnOutOfMemoryError, -Des.path.home=/Users/john2501/Desktop/elasticsearch-5.5.2 3]
[2017-09-10T14:58:11,873][INFO ][o.e.p.PluginsService     ] [w_6bV9o] loaded module [aggs-matrix-stats]
[2017-09-10T14:58:11,873][INFO ][o.e.p.PluginsService     ] [w_6bV9o] loaded module [ingest-common]
[2017-09-10T14:58:11,873][INFO ][o.e.p.PluginsService     ] [w_6bV9o] loaded module [lang-expression]
[2017-09-10T14:58:11,873][INFO ][o.e.p.PluginsService     ] [w_6bV9o] loaded module [lang-groovy]
[2017-09-10T14:58:11,873][INFO ][o.e.p.PluginsService     ] [w_6bV9o] loaded module [lang-mustache]
[2017-09-10T14:58:11,873][INFO ][o.e.p.PluginsService     ] [w_6bV9o] loaded module [lang-painless]
[2017-09-10T14:58:11,873][INFO ][o.e.p.PluginsService     ] [w_6bV9o] loaded module [parent-join]
[2017-09-10T14:58:11,873][INFO ][o.e.p.PluginsService     ] [w_6bV9o] loaded module [percolator]
[2017-09-10T14:58:11,874][INFO ][o.e.p.PluginsService     ] [w_6bV9o] loaded module [reindex]
[2017-09-10T14:58:11,874][INFO ][o.e.p.PluginsService     ] [w_6bV9o] loaded module [transport-netty3]
[2017-09-10T14:58:11,874][INFO ][o.e.p.PluginsService     ] [w_6bV9o] loaded module [transport-netty4]
[2017-09-10T14:58:11,874][INFO ][o.e.p.PluginsService     ] [w_6bV9o] no plugins loaded
[2017-09-10T14:58:13,278][INFO ][o.e.d.DiscoveryModule    ] [w_6bV9o] using discovery type [zen]
[2017-09-10T14:58:13,857][INFO ][o.e.n.Node               ] initialized
[2017-09-10T14:58:13,857][INFO ][o.e.n.Node               ] [w_6bV9o] starting ...
[2017-09-10T14:58:14,062][INFO ][o.e.t.TransportService   ] [w_6bV9o] publish_address {127.0.0.1:9300}, bound_addresses {[fe80::1]:9300}, {[::1]:9300}, {127.0.0.1:9300}
[2017-09-10T14:58:17,116][INFO ][o.e.c.s.ClusterService   ] [w_6bV9o] new_master {w_6bV9o}{w_6bV9orSiGBnAiO73nMrw}{p-i6l_HhQROUCjWCyd7MUQ}{127.0.0.1}{127.0.0.1:9300}, reason: zen-disco-elected-as-master ([0] nodes joined)
[2017-09-10T14:58:17,132][INFO ][o.e.h.n.Netty4HttpServerTransport] [w_6bV9o] publish_address {127.0.0.1:9200}, bound_addresses {[fe80::1]:9200}, {[::1]:9200}, {127.0.0.1:9200}
[2017-09-10T14:58:17,132][INFO ][o.e.n.Node               ] [w_6bV9o] started
[2017-09-10T14:58:17,260][INFO ][o.e.g.GatewayService     ] [w_6bV9o] recovered [2] indices into cluster_state
[2017-09-10T14:58:17,259][WARN ][o.e.g.GatewayAllocator$InternalPrimaryShardAllocator] [w_6bV9o] [app][2]: failed to list shard for shard_started on node [w_6bV9orSiGBnAiO73nMrw]
org.elasticsearch.action.FailedNodeException: Failed node [w_6bV9orSiGBnAiO73nMrw]
	at org.elasticsearch.action.support.nodes.TransportNodesAction$AsyncAction.onFailure(TransportNodesAction.java:239) [elasticsearch-5.5.2.jar:5.5.2]
	at org.elasticsearch.action.support.nodes.TransportNodesAction$AsyncAction.access$200(TransportNodesAction.java:153) [elasticsearch-5.5.2.jar:5.5.2]
	at org.elasticsearch.action.support.nodes.TransportNodesAction$AsyncAction$1.handleException(TransportNodesAction.java:211) [elasticsearch-5.5.2.jar:5.5.2]
	at org.elasticsearch.transport.TransportService$ContextRestoreResponseHandler.handleException(TransportService.java:1067) [elasticsearch-5.5.2.jar:5.5.2]
	at org.elasticsearch.transport.TransportService$DirectResponseChannel.processException(TransportService.java:1171) [elasticsearch-5.5.2.jar:5.5.2]
	at org.elasticsearch.transport.TransportService$DirectResponseChannel.sendResponse(TransportService.java:1149) [elasticsearch-5.5.2.jar:5.5.2]
	at org.elasticsearch.transport.TransportService$7.onFailure(TransportService.java:655) [elasticsearch-5.5.2.jar:5.5.2]
	at org.elasticsearch.common.util.concurrent.ThreadContext$ContextPreservingAbstractRunnable.onFailure(ThreadContext.java:623) [elasticsearch-5.5.2.jar:5.5.2]
	at org.elasticsearch.common.util.concurrent.AbstractRunnable.run(AbstractRunnable.java:39) [elasticsearch-5.5.2.jar:5.5.2]
	at java.util.concurrent.ThreadPoolExecutor.runWorker(ThreadPoolExecutor.java:1142) [?:1.8.0_131]
	at java.util.concurrent.ThreadPoolExecutor$Worker.run(ThreadPoolExecutor.java:617) [?:1.8.0_131]
	at java.lang.Thread.run(Thread.java:748) [?:1.8.0_131]
Caused by: org.elasticsearch.transport.RemoteTransportException: [w_6bV9o][127.0.0.1:9300][internal:gateway/local/started_shards[n]]
Caused by: org.elasticsearch.ElasticsearchException: failed to load started shards
	at org.elasticsearch.gateway.TransportNodesListGatewayStartedShards.nodeOperation(TransportNodesListGatewayStartedShards.java:171) ~[elasticsearch-5.5.2.jar:5.5.2]
	at org.elasticsearch.gateway.TransportNodesListGatewayStartedShards.nodeOperation(TransportNodesListGatewayStartedShards.java:61) ~[elasticsearch-5.5.2.jar:5.5.2]
	at org.elasticsearch.action.support.nodes.TransportNodesAction.nodeOperation(TransportNodesAction.java:140) ~[elasticsearch-5.5.2.jar:5.5.2]
	at org.elasticsearch.action.support.nodes.TransportNodesAction$NodeTransportHandler.messageReceived(TransportNodesAction.java:262) ~[elasticsearch-5.5.2.jar:5.5.2]
	at org.elasticsearch.action.support.nodes.TransportNodesAction$NodeTransportHandler.messageReceived(TransportNodesAction.java:258) ~[elasticsearch-5.5.2.jar:5.5.2]
	at org.elasticsearch.transport.RequestHandlerRegistry.processMessageReceived(RequestHandlerRegistry.java:69) ~[elasticsearch-5.5.2.jar:5.5.2]
	at org.elasticsearch.transport.TransportService$7.doRun(TransportService.java:644) ~[elasticsearch-5.5.2.jar:5.5.2]
	at org.elasticsearch.common.util.concurrent.ThreadContext$ContextPreservingAbstractRunnable.doRun(ThreadContext.java:638) ~[elasticsearch-5.5.2.jar:5.5.2]
	at org.elasticsearch.common.util.concurrent.AbstractRunnable.run(AbstractRunnable.java:37) ~[elasticsearch-5.5.2.jar:5.5.2]
	... 3 more
Caused by: org.elasticsearch.ElasticsearchException: java.io.IOException: failed to read [id:7, legacy:false, file:/Users/john2501/Desktop/elasticsearch-5.5.2 3/data/nodes/0/indices/ga206H5VTXSH3RcxRxOjQQ/_state/state-7.st]
	at org.elasticsearch.ExceptionsHelper.maybeThrowRuntimeAndSuppress(ExceptionsHelper.java:150) ~[elasticsearch-5.5.2.jar:5.5.2]
	at org.elasticsearch.gateway.MetaDataStateFormat.loadLatestState(MetaDataStateFormat.java:334) ~[elasticsearch-5.5.2.jar:5.5.2]
	at org.elasticsearch.gateway.TransportNodesListGatewayStartedShards.nodeOperation(TransportNodesListGatewayStartedShards.java:127) ~[elasticsearch-5.5.2.jar:5.5.2]
	at org.elasticsearch.gateway.TransportNodesListGatewayStartedShards.nodeOperation(TransportNodesListGatewayStartedShards.java:61) ~[elasticsearch-5.5.2.jar:5.5.2]
	at org.elasticsearch.action.support.nodes.TransportNodesAction.nodeOperation(TransportNodesAction.java:140) ~[elasticsearch-5.5.2.jar:5.5.2]
	at org.elasticsearch.action.support.nodes.TransportNodesAction$NodeTransportHandler.messageReceived(TransportNodesAction.java:262) ~[elasticsearch-5.5.2.jar:5.5.2]
	at org.elasticsearch.action.support.nodes.TransportNodesAction$NodeTransportHandler.messageReceived(TransportNodesAction.java:258) ~[elasticsearch-5.5.2.jar:5.5.2]
	at org.elasticsearch.transport.RequestHandlerRegistry.processMessageReceived(RequestHandlerRegistry.java:69) ~[elasticsearch-5.5.2.jar:5.5.2]
	at org.elasticsearch.transport.TransportService$7.doRun(TransportService.java:644) ~[elasticsearch-5.5.2.jar:5.5.2]
	at org.elasticsearch.common.util.concurrent.ThreadContext$ContextPreservingAbstractRunnable.doRun(ThreadContext.java:638) ~[elasticsearch-5.5.2.jar:5.5.2]
	at org.elasticsearch.common.util.concurrent.AbstractRunnable.run(AbstractRunnable.java:37) ~[elasticsearch-5.5.2.jar:5.5.2]
	... 3 more
Caused by: java.io.IOException: failed to read [id:7, legacy:false, file:/Users/john2501/Desktop/elasticsearch-5.5.2 3/data/nodes/0/indices/ga206H5VTXSH3RcxRxOjQQ/_state/state-7.st]
	at org.elasticsearch.gateway.MetaDataStateFormat.loadLatestState(MetaDataStateFormat.java:327) ~[elasticsearch-5.5.2.jar:5.5.2]
	at org.elasticsearch.gateway.TransportNodesListGatewayStartedShards.nodeOperation(TransportNodesListGatewayStartedShards.java:127) ~[elasticsearch-5.5.2.jar:5.5.2]
	at org.elasticsearch.gateway.TransportNodesListGatewayStartedShards.nodeOperation(TransportNodesListGatewayStartedShards.java:61) ~[elasticsearch-5.5.2.jar:5.5.2]
	at org.elasticsearch.action.support.nodes.TransportNodesAction.nodeOperation(TransportNodesAction.java:140) ~[elasticsearch-5.5.2.jar:5.5.2]
	at org.elasticsearch.action.support.nodes.TransportNodesAction$NodeTransportHandler.messageReceived(TransportNodesAction.java:262) ~[elasticsearch-5.5.2.jar:5.5.2]
	at org.elasticsearch.action.support.nodes.TransportNodesAction$NodeTransportHandler.messageReceived(TransportNodesAction.java:258) ~[elasticsearch-5.5.2.jar:5.5.2]
	at org.elasticsearch.transport.RequestHandlerRegistry.processMessageReceived(RequestHandlerRegistry.java:69) ~[elasticsearch-5.5.2.jar:5.5.2]
	at org.elasticsearch.transport.TransportService$7.doRun(TransportService.java:644) ~[elasticsearch-5.5.2.jar:5.5.2]
	at org.elasticsearch.common.util.concurrent.ThreadContext$ContextPreservingAbstractRunnable.doRun(ThreadContext.java:638) ~[elasticsearch-5.5.2.jar:5.5.2]
	at org.elasticsearch.common.util.concurrent.AbstractRunnable.run(AbstractRunnable.java:37) ~[elasticsearch-5.5.2.jar:5.5.2]
	... 3 more
Caused by: java.nio.file.NoSuchFileException: /Users/john2501/Desktop/elasticsearch-5.5.2 3/data/nodes/0/indices/ga206H5VTXSH3RcxRxOjQQ/_state/state-7.st
	at sun.nio.fs.UnixException.translateToIOException(UnixException.java:86) ~[?:?]
	at sun.nio.fs.UnixException.rethrowAsIOException(UnixException.java:102) ~[?:?]
	at sun.nio.fs.UnixException.rethrowAsIOException(UnixException.java:107) ~[?:?]
	at sun.nio.fs.UnixFileSystemProvider.newByteChannel(UnixFileSystemProvider.java:214) ~[?:?]
	at java.nio.file.Files.newByteChannel(Files.java:361) ~[?:1.8.0_131]
	at java.nio.file.Files.newByteChannel(Files.java:407) ~[?:1.8.0_131]
	at org.apache.lucene.store.SimpleFSDirectory.openInput(SimpleFSDirectory.java:77) ~[lucene-core-6.6.0.jar:6.6.0 5c7a7b65d2aa7ce5ec96458315c661a18b320241 - ishan - 2017-05-30 07:29:46]
	at org.elasticsearch.gateway.MetaDataStateFormat.read(MetaDataStateFormat.java:187) ~[elasticsearch-5.5.2.jar:5.5.2]
	at org.elasticsearch.gateway.MetaDataStateFormat.loadLatestState(MetaDataStateFormat.java:322) ~[elasticsearch-5.5.2.jar:5.5.2]
	at org.elasticsearch.gateway.TransportNodesListGatewayStartedShards.nodeOperation(TransportNodesListGatewayStartedShards.java:127) ~[elasticsearch-5.5.2.jar:5.5.2]
	at org.elasticsearch.gateway.TransportNodesListGatewayStartedShards.nodeOperation(TransportNodesListGatewayStartedShards.java:61) ~[elasticsearch-5.5.2.jar:5.5.2]
	at org.elasticsearch.action.support.nodes.TransportNodesAction.nodeOperation(TransportNodesAction.java:140) ~[elasticsearch-5.5.2.jar:5.5.2]
	at org.elasticsearch.action.support.nodes.TransportNodesAction$NodeTransportHandler.messageReceived(TransportNodesAction.java:262) ~[elasticsearch-5.5.2.jar:5.5.2]
	at org.elasticsearch.action.support.nodes.TransportNodesAction$NodeTransportHandler.messageReceived(TransportNodesAction.java:258) ~[elasticsearch-5.5.2.jar:5.5.2]
	at org.elasticsearch.transport.RequestHandlerRegistry.processMessageReceived(RequestHandlerRegistry.java:69) ~[elasticsearch-5.5.2.jar:5.5.2]
	at org.elasticsearch.transport.TransportService$7.doRun(TransportService.java:644) ~[elasticsearch-5.5.2.jar:5.5.2]
	at org.elasticsearch.common.util.concurrent.ThreadContext$ContextPreservingAbstractRunnable.doRun(ThreadContext.java:638) ~[elasticsearch-5.5.2.jar:5.5.2]
	at org.elasticsearch.common.util.concurrent.AbstractRunnable.run(AbstractRunnable.java:37) ~[elasticsearch-5.5.2.jar:5.5.2]
	... 3 more
[2017-09-10T14:58:17,683][INFO ][o.e.c.r.a.AllocationService] [w_6bV9o] Cluster health status changed from [RED] to [YELLOW] (reason: [shards started [[racine][3], [racine][2]] ...]).
[2017-09-10T21:33:20,969][INFO ][o.e.n.Node               ] [w_6bV9o] stopping ...
[2017-09-10T21:33:21,015][INFO ][o.e.n.Node               ] [w_6bV9o] stopped
[2017-09-10T21:33:21,015][INFO ][o.e.n.Node               ] [w_6bV9o] closing ...
[2017-09-10T21:33:21,027][INFO ][o.e.n.Node               ] [w_6bV9o] closed
[2017-09-10T21:36:24,650][INFO ][o.e.n.Node               ] [] initializing ...
[2017-09-10T21:36:24,726][INFO ][o.e.e.NodeEnvironment    ] [w_6bV9o] using [1] data paths, mounts [[/ (/dev/disk1)]], net usable_space [122.1gb], net total_space [232.6gb], spins? [unknown], types [hfs]
[2017-09-10T21:36:24,726][INFO ][o.e.e.NodeEnvironment    ] [w_6bV9o] heap size [1.9gb], compressed ordinary object pointers [true]
[2017-09-10T21:36:24,748][INFO ][o.e.n.Node               ] node name [w_6bV9o] derived from node ID [w_6bV9orSiGBnAiO73nMrw]; set [node.name] to override
[2017-09-10T21:36:24,748][INFO ][o.e.n.Node               ] version[5.5.2], pid[27208], build[b2f0c09/2017-08-14T12:33:14.154Z], OS[Mac OS X/10.12.6/x86_64], JVM[Oracle Corporation/Java HotSpot(TM) 64-Bit Server VM/1.8.0_131/25.131-b11]
[2017-09-10T21:36:24,748][INFO ][o.e.n.Node               ] JVM arguments [-Xms2g, -Xmx2g, -XX:+UseConcMarkSweepGC, -XX:CMSInitiatingOccupancyFraction=75, -XX:+UseCMSInitiatingOccupancyOnly, -XX:+AlwaysPreTouch, -Xss1m, -Djava.awt.headless=true, -Dfile.encoding=UTF-8, -Djna.nosys=true, -Djdk.io.permissionsUseCanonicalPath=true, -Dio.netty.noUnsafe=true, -Dio.netty.noKeySetOptimization=true, -Dio.netty.recycler.maxCapacityPerThread=0, -Dlog4j.shutdownHookEnabled=false, -Dlog4j2.disable.jmx=true, -Dlog4j.skipJansi=true, -XX:+HeapDumpOnOutOfMemoryError, -Des.path.home=/Users/john2501/Desktop/elasticsearch-5.5.2 3]
[2017-09-10T21:36:25,658][INFO ][o.e.p.PluginsService     ] [w_6bV9o] loaded module [aggs-matrix-stats]
[2017-09-10T21:36:25,659][INFO ][o.e.p.PluginsService     ] [w_6bV9o] loaded module [ingest-common]
[2017-09-10T21:36:25,659][INFO ][o.e.p.PluginsService     ] [w_6bV9o] loaded module [lang-expression]
[2017-09-10T21:36:25,659][INFO ][o.e.p.PluginsService     ] [w_6bV9o] loaded module [lang-groovy]
[2017-09-10T21:36:25,659][INFO ][o.e.p.PluginsService     ] [w_6bV9o] loaded module [lang-mustache]
[2017-09-10T21:36:25,659][INFO ][o.e.p.PluginsService     ] [w_6bV9o] loaded module [lang-painless]
[2017-09-10T21:36:25,659][INFO ][o.e.p.PluginsService     ] [w_6bV9o] loaded module [parent-join]
[2017-09-10T21:36:25,659][INFO ][o.e.p.PluginsService     ] [w_6bV9o] loaded module [percolator]
[2017-09-10T21:36:25,659][INFO ][o.e.p.PluginsService     ] [w_6bV9o] loaded module [reindex]
[2017-09-10T21:36:25,660][INFO ][o.e.p.PluginsService     ] [w_6bV9o] loaded module [transport-netty3]
[2017-09-10T21:36:25,660][INFO ][o.e.p.PluginsService     ] [w_6bV9o] loaded module [transport-netty4]
[2017-09-10T21:36:25,660][INFO ][o.e.p.PluginsService     ] [w_6bV9o] no plugins loaded
[2017-09-10T21:36:26,922][INFO ][o.e.d.DiscoveryModule    ] [w_6bV9o] using discovery type [zen]
[2017-09-10T21:36:27,428][INFO ][o.e.n.Node               ] initialized
[2017-09-10T21:36:27,428][INFO ][o.e.n.Node               ] [w_6bV9o] starting ...
[2017-09-10T21:36:27,642][INFO ][o.e.t.TransportService   ] [w_6bV9o] publish_address {127.0.0.1:9300}, bound_addresses {[fe80::1]:9300}, {[::1]:9300}, {127.0.0.1:9300}
[2017-09-10T21:36:30,694][INFO ][o.e.c.s.ClusterService   ] [w_6bV9o] new_master {w_6bV9o}{w_6bV9orSiGBnAiO73nMrw}{SB-VkIxKR9WQ40zAr-LayA}{127.0.0.1}{127.0.0.1:9300}, reason: zen-disco-elected-as-master ([0] nodes joined)
[2017-09-10T21:36:30,721][INFO ][o.e.h.n.Netty4HttpServerTransport] [w_6bV9o] publish_address {127.0.0.1:9200}, bound_addresses {[fe80::1]:9200}, {[::1]:9200}, {127.0.0.1:9200}
[2017-09-10T21:36:30,721][INFO ][o.e.n.Node               ] [w_6bV9o] started
[2017-09-10T21:36:30,854][INFO ][o.e.g.GatewayService     ] [w_6bV9o] recovered [2] indices into cluster_state
[2017-09-10T21:36:31,140][INFO ][o.e.c.r.a.AllocationService] [w_6bV9o] Cluster health status changed from [RED] to [YELLOW] (reason: [shards started [[racine][3]] ...]).
