[2017-08-29T16:28:28,107][INFO ][o.e.n.Node               ] [] initializing ...
[2017-08-29T16:28:28,170][INFO ][o.e.e.NodeEnvironment    ] [w_6bV9o] using [1] data paths, mounts [[/ (/dev/disk1)]], net usable_space [130.4gb], net total_space [232.6gb], spins? [unknown], types [hfs]
[2017-08-29T16:28:28,171][INFO ][o.e.e.NodeEnvironment    ] [w_6bV9o] heap size [1.9gb], compressed ordinary object pointers [true]
[2017-08-29T16:28:28,172][INFO ][o.e.n.Node               ] node name [w_6bV9o] derived from node ID [w_6bV9orSiGBnAiO73nMrw]; set [node.name] to override
[2017-08-29T16:28:28,172][INFO ][o.e.n.Node               ] version[5.5.2], pid[17374], build[b2f0c09/2017-08-14T12:33:14.154Z], OS[Mac OS X/10.12.6/x86_64], JVM[Oracle Corporation/Java HotSpot(TM) 64-Bit Server VM/1.8.0_131/25.131-b11]
[2017-08-29T16:28:28,173][INFO ][o.e.n.Node               ] JVM arguments [-Xms2g, -Xmx2g, -XX:+UseConcMarkSweepGC, -XX:CMSInitiatingOccupancyFraction=75, -XX:+UseCMSInitiatingOccupancyOnly, -XX:+AlwaysPreTouch, -Xss1m, -Djava.awt.headless=true, -Dfile.encoding=UTF-8, -Djna.nosys=true, -Djdk.io.permissionsUseCanonicalPath=true, -Dio.netty.noUnsafe=true, -Dio.netty.noKeySetOptimization=true, -Dio.netty.recycler.maxCapacityPerThread=0, -Dlog4j.shutdownHookEnabled=false, -Dlog4j2.disable.jmx=true, -Dlog4j.skipJansi=true, -XX:+HeapDumpOnOutOfMemoryError, -Des.path.home=/Users/john2501/Desktop/elasticsearch-5.5.2 3]
[2017-08-29T16:28:29,417][INFO ][o.e.p.PluginsService     ] [w_6bV9o] loaded module [aggs-matrix-stats]
[2017-08-29T16:28:29,418][INFO ][o.e.p.PluginsService     ] [w_6bV9o] loaded module [ingest-common]
[2017-08-29T16:28:29,418][INFO ][o.e.p.PluginsService     ] [w_6bV9o] loaded module [lang-expression]
[2017-08-29T16:28:29,418][INFO ][o.e.p.PluginsService     ] [w_6bV9o] loaded module [lang-groovy]
[2017-08-29T16:28:29,418][INFO ][o.e.p.PluginsService     ] [w_6bV9o] loaded module [lang-mustache]
[2017-08-29T16:28:29,418][INFO ][o.e.p.PluginsService     ] [w_6bV9o] loaded module [lang-painless]
[2017-08-29T16:28:29,418][INFO ][o.e.p.PluginsService     ] [w_6bV9o] loaded module [parent-join]
[2017-08-29T16:28:29,418][INFO ][o.e.p.PluginsService     ] [w_6bV9o] loaded module [percolator]
[2017-08-29T16:28:29,418][INFO ][o.e.p.PluginsService     ] [w_6bV9o] loaded module [reindex]
[2017-08-29T16:28:29,418][INFO ][o.e.p.PluginsService     ] [w_6bV9o] loaded module [transport-netty3]
[2017-08-29T16:28:29,418][INFO ][o.e.p.PluginsService     ] [w_6bV9o] loaded module [transport-netty4]
[2017-08-29T16:28:29,419][INFO ][o.e.p.PluginsService     ] [w_6bV9o] no plugins loaded
[2017-08-29T16:28:30,576][INFO ][o.e.d.DiscoveryModule    ] [w_6bV9o] using discovery type [zen]
[2017-08-29T16:28:30,940][INFO ][o.e.n.Node               ] initialized
[2017-08-29T16:28:30,940][INFO ][o.e.n.Node               ] [w_6bV9o] starting ...
[2017-08-29T16:28:31,141][INFO ][o.e.t.TransportService   ] [w_6bV9o] publish_address {127.0.0.1:9300}, bound_addresses {[fe80::1]:9300}, {[::1]:9300}, {127.0.0.1:9300}
[2017-08-29T16:28:34,189][INFO ][o.e.c.s.ClusterService   ] [w_6bV9o] new_master {w_6bV9o}{w_6bV9orSiGBnAiO73nMrw}{fenDfcLZSMKO62zKSCtcQA}{127.0.0.1}{127.0.0.1:9300}, reason: zen-disco-elected-as-master ([0] nodes joined)
[2017-08-29T16:28:34,206][INFO ][o.e.h.n.Netty4HttpServerTransport] [w_6bV9o] publish_address {127.0.0.1:9200}, bound_addresses {[fe80::1]:9200}, {[::1]:9200}, {127.0.0.1:9200}
[2017-08-29T16:28:34,207][INFO ][o.e.n.Node               ] [w_6bV9o] started
[2017-08-29T16:28:34,208][INFO ][o.e.g.GatewayService     ] [w_6bV9o] recovered [0] indices into cluster_state
[2017-08-29T16:32:08,384][INFO ][o.e.n.Node               ] [w_6bV9o] stopping ...
[2017-08-29T16:32:08,404][INFO ][o.e.n.Node               ] [w_6bV9o] stopped
[2017-08-29T16:32:08,404][INFO ][o.e.n.Node               ] [w_6bV9o] closing ...
[2017-08-29T16:32:08,411][INFO ][o.e.n.Node               ] [w_6bV9o] closed
[2017-08-29T16:32:17,893][INFO ][o.e.n.Node               ] [] initializing ...
[2017-08-29T16:32:17,963][INFO ][o.e.e.NodeEnvironment    ] [w_6bV9o] using [1] data paths, mounts [[/ (/dev/disk1)]], net usable_space [130.4gb], net total_space [232.6gb], spins? [unknown], types [hfs]
[2017-08-29T16:32:17,964][INFO ][o.e.e.NodeEnvironment    ] [w_6bV9o] heap size [1.9gb], compressed ordinary object pointers [true]
[2017-08-29T16:32:17,965][INFO ][o.e.n.Node               ] node name [w_6bV9o] derived from node ID [w_6bV9orSiGBnAiO73nMrw]; set [node.name] to override
[2017-08-29T16:32:17,965][INFO ][o.e.n.Node               ] version[5.5.2], pid[17527], build[b2f0c09/2017-08-14T12:33:14.154Z], OS[Mac OS X/10.12.6/x86_64], JVM[Oracle Corporation/Java HotSpot(TM) 64-Bit Server VM/1.8.0_131/25.131-b11]
[2017-08-29T16:32:17,965][INFO ][o.e.n.Node               ] JVM arguments [-Xms2g, -Xmx2g, -XX:+UseConcMarkSweepGC, -XX:CMSInitiatingOccupancyFraction=75, -XX:+UseCMSInitiatingOccupancyOnly, -XX:+AlwaysPreTouch, -Xss1m, -Djava.awt.headless=true, -Dfile.encoding=UTF-8, -Djna.nosys=true, -Djdk.io.permissionsUseCanonicalPath=true, -Dio.netty.noUnsafe=true, -Dio.netty.noKeySetOptimization=true, -Dio.netty.recycler.maxCapacityPerThread=0, -Dlog4j.shutdownHookEnabled=false, -Dlog4j2.disable.jmx=true, -Dlog4j.skipJansi=true, -XX:+HeapDumpOnOutOfMemoryError, -Des.path.home=/Users/john2501/Desktop/elasticsearch-5.5.2 3]
[2017-08-29T16:32:18,782][INFO ][o.e.p.PluginsService     ] [w_6bV9o] loaded module [aggs-matrix-stats]
[2017-08-29T16:32:18,782][INFO ][o.e.p.PluginsService     ] [w_6bV9o] loaded module [ingest-common]
[2017-08-29T16:32:18,783][INFO ][o.e.p.PluginsService     ] [w_6bV9o] loaded module [lang-expression]
[2017-08-29T16:32:18,783][INFO ][o.e.p.PluginsService     ] [w_6bV9o] loaded module [lang-groovy]
[2017-08-29T16:32:18,783][INFO ][o.e.p.PluginsService     ] [w_6bV9o] loaded module [lang-mustache]
[2017-08-29T16:32:18,783][INFO ][o.e.p.PluginsService     ] [w_6bV9o] loaded module [lang-painless]
[2017-08-29T16:32:18,783][INFO ][o.e.p.PluginsService     ] [w_6bV9o] loaded module [parent-join]
[2017-08-29T16:32:18,783][INFO ][o.e.p.PluginsService     ] [w_6bV9o] loaded module [percolator]
[2017-08-29T16:32:18,783][INFO ][o.e.p.PluginsService     ] [w_6bV9o] loaded module [reindex]
[2017-08-29T16:32:18,784][INFO ][o.e.p.PluginsService     ] [w_6bV9o] loaded module [transport-netty3]
[2017-08-29T16:32:18,784][INFO ][o.e.p.PluginsService     ] [w_6bV9o] loaded module [transport-netty4]
[2017-08-29T16:32:18,784][INFO ][o.e.p.PluginsService     ] [w_6bV9o] no plugins loaded
[2017-08-29T16:32:20,213][INFO ][o.e.d.DiscoveryModule    ] [w_6bV9o] using discovery type [zen]
[2017-08-29T16:32:20,688][INFO ][o.e.n.Node               ] initialized
[2017-08-29T16:32:20,688][INFO ][o.e.n.Node               ] [w_6bV9o] starting ...
[2017-08-29T16:32:20,854][INFO ][o.e.t.TransportService   ] [w_6bV9o] publish_address {127.0.0.1:9300}, bound_addresses {[fe80::1]:9300}, {[::1]:9300}, {127.0.0.1:9300}
[2017-08-29T16:32:22,192][INFO ][o.e.n.Node               ] [w_6bV9o] stopping ...
[2017-08-29T16:32:22,235][INFO ][o.e.n.Node               ] [w_6bV9o] stopped
[2017-08-29T16:32:22,235][INFO ][o.e.n.Node               ] [w_6bV9o] closing ...
[2017-08-29T16:32:22,235][INFO ][o.e.h.n.Netty4HttpServerTransport] [w_6bV9o] publish_address {127.0.0.1:9200}, bound_addresses {[fe80::1]:9200}, {[::1]:9200}, {127.0.0.1:9200}
[2017-08-29T16:32:22,235][INFO ][o.e.n.Node               ] [w_6bV9o] started
[2017-08-29T16:32:22,248][INFO ][o.e.n.Node               ] [w_6bV9o] closed
[2017-08-29T16:32:31,608][INFO ][o.e.n.Node               ] [] initializing ...
[2017-08-29T16:32:31,671][INFO ][o.e.e.NodeEnvironment    ] [w_6bV9o] using [1] data paths, mounts [[/ (/dev/disk1)]], net usable_space [130.4gb], net total_space [232.6gb], spins? [unknown], types [hfs]
[2017-08-29T16:32:31,671][INFO ][o.e.e.NodeEnvironment    ] [w_6bV9o] heap size [1.9gb], compressed ordinary object pointers [true]
[2017-08-29T16:32:31,673][INFO ][o.e.n.Node               ] node name [w_6bV9o] derived from node ID [w_6bV9orSiGBnAiO73nMrw]; set [node.name] to override
[2017-08-29T16:32:31,673][INFO ][o.e.n.Node               ] version[5.5.2], pid[17555], build[b2f0c09/2017-08-14T12:33:14.154Z], OS[Mac OS X/10.12.6/x86_64], JVM[Oracle Corporation/Java HotSpot(TM) 64-Bit Server VM/1.8.0_131/25.131-b11]
[2017-08-29T16:32:31,673][INFO ][o.e.n.Node               ] JVM arguments [-Xms2g, -Xmx2g, -XX:+UseConcMarkSweepGC, -XX:CMSInitiatingOccupancyFraction=75, -XX:+UseCMSInitiatingOccupancyOnly, -XX:+AlwaysPreTouch, -Xss1m, -Djava.awt.headless=true, -Dfile.encoding=UTF-8, -Djna.nosys=true, -Djdk.io.permissionsUseCanonicalPath=true, -Dio.netty.noUnsafe=true, -Dio.netty.noKeySetOptimization=true, -Dio.netty.recycler.maxCapacityPerThread=0, -Dlog4j.shutdownHookEnabled=false, -Dlog4j2.disable.jmx=true, -Dlog4j.skipJansi=true, -XX:+HeapDumpOnOutOfMemoryError, -Des.path.home=/Users/john2501/Desktop/elasticsearch-5.5.2 3]
[2017-08-29T16:32:32,415][INFO ][o.e.p.PluginsService     ] [w_6bV9o] loaded module [aggs-matrix-stats]
[2017-08-29T16:32:32,415][INFO ][o.e.p.PluginsService     ] [w_6bV9o] loaded module [ingest-common]
[2017-08-29T16:32:32,415][INFO ][o.e.p.PluginsService     ] [w_6bV9o] loaded module [lang-expression]
[2017-08-29T16:32:32,415][INFO ][o.e.p.PluginsService     ] [w_6bV9o] loaded module [lang-groovy]
[2017-08-29T16:32:32,416][INFO ][o.e.p.PluginsService     ] [w_6bV9o] loaded module [lang-mustache]
[2017-08-29T16:32:32,416][INFO ][o.e.p.PluginsService     ] [w_6bV9o] loaded module [lang-painless]
[2017-08-29T16:32:32,416][INFO ][o.e.p.PluginsService     ] [w_6bV9o] loaded module [parent-join]
[2017-08-29T16:32:32,416][INFO ][o.e.p.PluginsService     ] [w_6bV9o] loaded module [percolator]
[2017-08-29T16:32:32,416][INFO ][o.e.p.PluginsService     ] [w_6bV9o] loaded module [reindex]
[2017-08-29T16:32:32,416][INFO ][o.e.p.PluginsService     ] [w_6bV9o] loaded module [transport-netty3]
[2017-08-29T16:32:32,416][INFO ][o.e.p.PluginsService     ] [w_6bV9o] loaded module [transport-netty4]
[2017-08-29T16:32:32,417][INFO ][o.e.p.PluginsService     ] [w_6bV9o] no plugins loaded
[2017-08-29T16:32:33,660][INFO ][o.e.d.DiscoveryModule    ] [w_6bV9o] using discovery type [zen]
[2017-08-29T16:32:34,143][INFO ][o.e.n.Node               ] initialized
[2017-08-29T16:32:34,144][INFO ][o.e.n.Node               ] [w_6bV9o] starting ...
[2017-08-29T16:32:34,295][INFO ][o.e.t.TransportService   ] [w_6bV9o] publish_address {127.0.0.1:9300}, bound_addresses {[fe80::1]:9300}, {[::1]:9300}, {127.0.0.1:9300}
[2017-08-29T16:32:37,341][INFO ][o.e.c.s.ClusterService   ] [w_6bV9o] new_master {w_6bV9o}{w_6bV9orSiGBnAiO73nMrw}{H58vfbNUSuuoq0nfYGZF2Q}{127.0.0.1}{127.0.0.1:9300}, reason: zen-disco-elected-as-master ([0] nodes joined)
[2017-08-29T16:32:37,358][INFO ][o.e.h.n.Netty4HttpServerTransport] [w_6bV9o] publish_address {127.0.0.1:9200}, bound_addresses {[fe80::1]:9200}, {[::1]:9200}, {127.0.0.1:9200}
[2017-08-29T16:32:37,358][INFO ][o.e.n.Node               ] [w_6bV9o] started
[2017-08-29T16:32:37,363][INFO ][o.e.g.GatewayService     ] [w_6bV9o] recovered [0] indices into cluster_state
[2017-08-29T16:35:16,459][INFO ][o.e.n.Node               ] [w_6bV9o] stopping ...
[2017-08-29T16:35:16,477][INFO ][o.e.n.Node               ] [w_6bV9o] stopped
[2017-08-29T16:35:16,477][INFO ][o.e.n.Node               ] [w_6bV9o] closing ...
[2017-08-29T16:35:16,484][INFO ][o.e.n.Node               ] [w_6bV9o] closed
[2017-08-29T16:35:51,279][INFO ][o.e.n.Node               ] [] initializing ...
[2017-08-29T16:35:51,341][INFO ][o.e.e.NodeEnvironment    ] [w_6bV9o] using [1] data paths, mounts [[/ (/dev/disk1)]], net usable_space [130.4gb], net total_space [232.6gb], spins? [unknown], types [hfs]
[2017-08-29T16:35:51,342][INFO ][o.e.e.NodeEnvironment    ] [w_6bV9o] heap size [1.9gb], compressed ordinary object pointers [true]
[2017-08-29T16:35:51,343][INFO ][o.e.n.Node               ] node name [w_6bV9o] derived from node ID [w_6bV9orSiGBnAiO73nMrw]; set [node.name] to override
[2017-08-29T16:35:51,343][INFO ][o.e.n.Node               ] version[5.5.2], pid[17665], build[b2f0c09/2017-08-14T12:33:14.154Z], OS[Mac OS X/10.12.6/x86_64], JVM[Oracle Corporation/Java HotSpot(TM) 64-Bit Server VM/1.8.0_131/25.131-b11]
[2017-08-29T16:35:51,343][INFO ][o.e.n.Node               ] JVM arguments [-Xms2g, -Xmx2g, -XX:+UseConcMarkSweepGC, -XX:CMSInitiatingOccupancyFraction=75, -XX:+UseCMSInitiatingOccupancyOnly, -XX:+AlwaysPreTouch, -Xss1m, -Djava.awt.headless=true, -Dfile.encoding=UTF-8, -Djna.nosys=true, -Djdk.io.permissionsUseCanonicalPath=true, -Dio.netty.noUnsafe=true, -Dio.netty.noKeySetOptimization=true, -Dio.netty.recycler.maxCapacityPerThread=0, -Dlog4j.shutdownHookEnabled=false, -Dlog4j2.disable.jmx=true, -Dlog4j.skipJansi=true, -XX:+HeapDumpOnOutOfMemoryError, -Des.path.home=/Users/john2501/Desktop/elasticsearch-5.5.2 3]
[2017-08-29T16:35:52,139][INFO ][o.e.p.PluginsService     ] [w_6bV9o] loaded module [aggs-matrix-stats]
[2017-08-29T16:35:52,139][INFO ][o.e.p.PluginsService     ] [w_6bV9o] loaded module [ingest-common]
[2017-08-29T16:35:52,139][INFO ][o.e.p.PluginsService     ] [w_6bV9o] loaded module [lang-expression]
[2017-08-29T16:35:52,139][INFO ][o.e.p.PluginsService     ] [w_6bV9o] loaded module [lang-groovy]
[2017-08-29T16:35:52,139][INFO ][o.e.p.PluginsService     ] [w_6bV9o] loaded module [lang-mustache]
[2017-08-29T16:35:52,140][INFO ][o.e.p.PluginsService     ] [w_6bV9o] loaded module [lang-painless]
[2017-08-29T16:35:52,140][INFO ][o.e.p.PluginsService     ] [w_6bV9o] loaded module [parent-join]
[2017-08-29T16:35:52,140][INFO ][o.e.p.PluginsService     ] [w_6bV9o] loaded module [percolator]
[2017-08-29T16:35:52,140][INFO ][o.e.p.PluginsService     ] [w_6bV9o] loaded module [reindex]
[2017-08-29T16:35:52,140][INFO ][o.e.p.PluginsService     ] [w_6bV9o] loaded module [transport-netty3]
[2017-08-29T16:35:52,140][INFO ][o.e.p.PluginsService     ] [w_6bV9o] loaded module [transport-netty4]
[2017-08-29T16:35:52,141][INFO ][o.e.p.PluginsService     ] [w_6bV9o] no plugins loaded
[2017-08-29T16:35:53,409][INFO ][o.e.d.DiscoveryModule    ] [w_6bV9o] using discovery type [zen]
[2017-08-29T16:35:53,823][INFO ][o.e.n.Node               ] initialized
[2017-08-29T16:35:53,824][INFO ][o.e.n.Node               ] [w_6bV9o] starting ...
[2017-08-29T16:35:53,969][INFO ][o.e.t.TransportService   ] [w_6bV9o] publish_address {127.0.0.1:9300}, bound_addresses {[fe80::1]:9300}, {[::1]:9300}, {127.0.0.1:9300}
[2017-08-29T16:35:57,015][INFO ][o.e.c.s.ClusterService   ] [w_6bV9o] new_master {w_6bV9o}{w_6bV9orSiGBnAiO73nMrw}{e9xB5RiTTRe6FS-390ymJg}{127.0.0.1}{127.0.0.1:9300}, reason: zen-disco-elected-as-master ([0] nodes joined)
[2017-08-29T16:35:57,032][INFO ][o.e.h.n.Netty4HttpServerTransport] [w_6bV9o] publish_address {127.0.0.1:9200}, bound_addresses {[fe80::1]:9200}, {[::1]:9200}, {127.0.0.1:9200}
[2017-08-29T16:35:57,032][INFO ][o.e.n.Node               ] [w_6bV9o] started
[2017-08-29T16:35:57,048][INFO ][o.e.g.GatewayService     ] [w_6bV9o] recovered [0] indices into cluster_state
[2017-08-29T16:36:12,993][INFO ][o.e.n.Node               ] [w_6bV9o] stopping ...
[2017-08-29T16:36:13,009][INFO ][o.e.n.Node               ] [w_6bV9o] stopped
[2017-08-29T16:36:13,009][INFO ][o.e.n.Node               ] [w_6bV9o] closing ...
[2017-08-29T16:36:13,016][INFO ][o.e.n.Node               ] [w_6bV9o] closed
[2017-08-29T16:37:01,417][INFO ][o.e.n.Node               ] [] initializing ...
[2017-08-29T16:37:01,478][INFO ][o.e.e.NodeEnvironment    ] [w_6bV9o] using [1] data paths, mounts [[/ (/dev/disk1)]], net usable_space [130.4gb], net total_space [232.6gb], spins? [unknown], types [hfs]
[2017-08-29T16:37:01,478][INFO ][o.e.e.NodeEnvironment    ] [w_6bV9o] heap size [1.9gb], compressed ordinary object pointers [true]
[2017-08-29T16:37:01,479][INFO ][o.e.n.Node               ] node name [w_6bV9o] derived from node ID [w_6bV9orSiGBnAiO73nMrw]; set [node.name] to override
[2017-08-29T16:37:01,480][INFO ][o.e.n.Node               ] version[5.5.2], pid[17719], build[b2f0c09/2017-08-14T12:33:14.154Z], OS[Mac OS X/10.12.6/x86_64], JVM[Oracle Corporation/Java HotSpot(TM) 64-Bit Server VM/1.8.0_131/25.131-b11]
[2017-08-29T16:37:01,480][INFO ][o.e.n.Node               ] JVM arguments [-Xms2g, -Xmx2g, -XX:+UseConcMarkSweepGC, -XX:CMSInitiatingOccupancyFraction=75, -XX:+UseCMSInitiatingOccupancyOnly, -XX:+AlwaysPreTouch, -Xss1m, -Djava.awt.headless=true, -Dfile.encoding=UTF-8, -Djna.nosys=true, -Djdk.io.permissionsUseCanonicalPath=true, -Dio.netty.noUnsafe=true, -Dio.netty.noKeySetOptimization=true, -Dio.netty.recycler.maxCapacityPerThread=0, -Dlog4j.shutdownHookEnabled=false, -Dlog4j2.disable.jmx=true, -Dlog4j.skipJansi=true, -XX:+HeapDumpOnOutOfMemoryError, -Des.path.home=/Users/john2501/Desktop/elasticsearch-5.5.2 3]
[2017-08-29T16:37:02,192][INFO ][o.e.p.PluginsService     ] [w_6bV9o] loaded module [aggs-matrix-stats]
[2017-08-29T16:37:02,192][INFO ][o.e.p.PluginsService     ] [w_6bV9o] loaded module [ingest-common]
[2017-08-29T16:37:02,192][INFO ][o.e.p.PluginsService     ] [w_6bV9o] loaded module [lang-expression]
[2017-08-29T16:37:02,193][INFO ][o.e.p.PluginsService     ] [w_6bV9o] loaded module [lang-groovy]
[2017-08-29T16:37:02,193][INFO ][o.e.p.PluginsService     ] [w_6bV9o] loaded module [lang-mustache]
[2017-08-29T16:37:02,193][INFO ][o.e.p.PluginsService     ] [w_6bV9o] loaded module [lang-painless]
[2017-08-29T16:37:02,193][INFO ][o.e.p.PluginsService     ] [w_6bV9o] loaded module [parent-join]
[2017-08-29T16:37:02,193][INFO ][o.e.p.PluginsService     ] [w_6bV9o] loaded module [percolator]
[2017-08-29T16:37:02,193][INFO ][o.e.p.PluginsService     ] [w_6bV9o] loaded module [reindex]
[2017-08-29T16:37:02,193][INFO ][o.e.p.PluginsService     ] [w_6bV9o] loaded module [transport-netty3]
[2017-08-29T16:37:02,193][INFO ][o.e.p.PluginsService     ] [w_6bV9o] loaded module [transport-netty4]
[2017-08-29T16:37:02,194][INFO ][o.e.p.PluginsService     ] [w_6bV9o] no plugins loaded
[2017-08-29T16:37:03,461][INFO ][o.e.d.DiscoveryModule    ] [w_6bV9o] using discovery type [zen]
[2017-08-29T16:37:03,901][INFO ][o.e.n.Node               ] initialized
[2017-08-29T16:37:03,901][INFO ][o.e.n.Node               ] [w_6bV9o] starting ...
[2017-08-29T16:37:04,040][INFO ][o.e.t.TransportService   ] [w_6bV9o] publish_address {127.0.0.1:9300}, bound_addresses {[fe80::1]:9300}, {[::1]:9300}, {127.0.0.1:9300}
[2017-08-29T16:37:07,086][INFO ][o.e.c.s.ClusterService   ] [w_6bV9o] new_master {w_6bV9o}{w_6bV9orSiGBnAiO73nMrw}{8RSahwsoTCaU2nfsADP2Fw}{127.0.0.1}{127.0.0.1:9300}, reason: zen-disco-elected-as-master ([0] nodes joined)
[2017-08-29T16:37:07,102][INFO ][o.e.h.n.Netty4HttpServerTransport] [w_6bV9o] publish_address {127.0.0.1:9200}, bound_addresses {[fe80::1]:9200}, {[::1]:9200}, {127.0.0.1:9200}
[2017-08-29T16:37:07,103][INFO ][o.e.n.Node               ] [w_6bV9o] started
[2017-08-29T16:37:07,108][INFO ][o.e.g.GatewayService     ] [w_6bV9o] recovered [0] indices into cluster_state
[2017-08-29T16:37:57,887][INFO ][o.e.n.Node               ] [w_6bV9o] stopping ...
[2017-08-29T16:37:57,908][INFO ][o.e.n.Node               ] [w_6bV9o] stopped
[2017-08-29T16:37:57,908][INFO ][o.e.n.Node               ] [w_6bV9o] closing ...
[2017-08-29T16:37:57,915][INFO ][o.e.n.Node               ] [w_6bV9o] closed
[2017-08-29T16:38:14,424][INFO ][o.e.n.Node               ] [] initializing ...
[2017-08-29T16:38:14,496][INFO ][o.e.e.NodeEnvironment    ] [w_6bV9o] using [1] data paths, mounts [[/ (/dev/disk1)]], net usable_space [130.4gb], net total_space [232.6gb], spins? [unknown], types [hfs]
[2017-08-29T16:38:14,496][INFO ][o.e.e.NodeEnvironment    ] [w_6bV9o] heap size [1.9gb], compressed ordinary object pointers [true]
[2017-08-29T16:38:14,497][INFO ][o.e.n.Node               ] node name [w_6bV9o] derived from node ID [w_6bV9orSiGBnAiO73nMrw]; set [node.name] to override
[2017-08-29T16:38:14,497][INFO ][o.e.n.Node               ] version[5.5.2], pid[17764], build[b2f0c09/2017-08-14T12:33:14.154Z], OS[Mac OS X/10.12.6/x86_64], JVM[Oracle Corporation/Java HotSpot(TM) 64-Bit Server VM/1.8.0_131/25.131-b11]
[2017-08-29T16:38:14,497][INFO ][o.e.n.Node               ] JVM arguments [-Xms2g, -Xmx2g, -XX:+UseConcMarkSweepGC, -XX:CMSInitiatingOccupancyFraction=75, -XX:+UseCMSInitiatingOccupancyOnly, -XX:+AlwaysPreTouch, -Xss1m, -Djava.awt.headless=true, -Dfile.encoding=UTF-8, -Djna.nosys=true, -Djdk.io.permissionsUseCanonicalPath=true, -Dio.netty.noUnsafe=true, -Dio.netty.noKeySetOptimization=true, -Dio.netty.recycler.maxCapacityPerThread=0, -Dlog4j.shutdownHookEnabled=false, -Dlog4j2.disable.jmx=true, -Dlog4j.skipJansi=true, -XX:+HeapDumpOnOutOfMemoryError, -Des.path.home=/Users/john2501/Desktop/elasticsearch-5.5.2 3]
[2017-08-29T16:38:15,345][INFO ][o.e.p.PluginsService     ] [w_6bV9o] loaded module [aggs-matrix-stats]
[2017-08-29T16:38:15,346][INFO ][o.e.p.PluginsService     ] [w_6bV9o] loaded module [ingest-common]
[2017-08-29T16:38:15,346][INFO ][o.e.p.PluginsService     ] [w_6bV9o] loaded module [lang-expression]
[2017-08-29T16:38:15,346][INFO ][o.e.p.PluginsService     ] [w_6bV9o] loaded module [lang-groovy]
[2017-08-29T16:38:15,346][INFO ][o.e.p.PluginsService     ] [w_6bV9o] loaded module [lang-mustache]
[2017-08-29T16:38:15,346][INFO ][o.e.p.PluginsService     ] [w_6bV9o] loaded module [lang-painless]
[2017-08-29T16:38:15,346][INFO ][o.e.p.PluginsService     ] [w_6bV9o] loaded module [parent-join]
[2017-08-29T16:38:15,347][INFO ][o.e.p.PluginsService     ] [w_6bV9o] loaded module [percolator]
[2017-08-29T16:38:15,347][INFO ][o.e.p.PluginsService     ] [w_6bV9o] loaded module [reindex]
[2017-08-29T16:38:15,347][INFO ][o.e.p.PluginsService     ] [w_6bV9o] loaded module [transport-netty3]
[2017-08-29T16:38:15,347][INFO ][o.e.p.PluginsService     ] [w_6bV9o] loaded module [transport-netty4]
[2017-08-29T16:38:15,348][INFO ][o.e.p.PluginsService     ] [w_6bV9o] no plugins loaded
[2017-08-29T16:38:17,090][INFO ][o.e.d.DiscoveryModule    ] [w_6bV9o] using discovery type [zen]
[2017-08-29T16:38:17,651][INFO ][o.e.n.Node               ] initialized
[2017-08-29T16:38:17,651][INFO ][o.e.n.Node               ] [w_6bV9o] starting ...
[2017-08-29T16:38:17,822][INFO ][o.e.t.TransportService   ] [w_6bV9o] publish_address {127.0.0.1:9300}, bound_addresses {[fe80::1]:9300}, {[::1]:9300}, {127.0.0.1:9300}
[2017-08-29T16:38:20,876][INFO ][o.e.c.s.ClusterService   ] [w_6bV9o] new_master {w_6bV9o}{w_6bV9orSiGBnAiO73nMrw}{T844YmWJQYu1ZbLiY4PxTA}{127.0.0.1}{127.0.0.1:9300}, reason: zen-disco-elected-as-master ([0] nodes joined)
[2017-08-29T16:38:20,893][INFO ][o.e.h.n.Netty4HttpServerTransport] [w_6bV9o] publish_address {127.0.0.1:9200}, bound_addresses {[fe80::1]:9200}, {[::1]:9200}, {127.0.0.1:9200}
[2017-08-29T16:38:20,893][INFO ][o.e.n.Node               ] [w_6bV9o] started
[2017-08-29T16:38:20,895][INFO ][o.e.g.GatewayService     ] [w_6bV9o] recovered [0] indices into cluster_state
[2017-08-29T16:38:35,742][INFO ][o.e.n.Node               ] [w_6bV9o] stopping ...
[2017-08-29T16:38:35,762][INFO ][o.e.n.Node               ] [w_6bV9o] stopped
[2017-08-29T16:38:35,763][INFO ][o.e.n.Node               ] [w_6bV9o] closing ...
[2017-08-29T16:38:35,769][INFO ][o.e.n.Node               ] [w_6bV9o] closed
[2017-08-29T16:40:17,527][INFO ][o.e.n.Node               ] [] initializing ...
[2017-08-29T16:40:17,606][INFO ][o.e.e.NodeEnvironment    ] [w_6bV9o] using [1] data paths, mounts [[/ (/dev/disk1)]], net usable_space [130.4gb], net total_space [232.6gb], spins? [unknown], types [hfs]
[2017-08-29T16:40:17,607][INFO ][o.e.e.NodeEnvironment    ] [w_6bV9o] heap size [1.9gb], compressed ordinary object pointers [true]
[2017-08-29T16:40:17,608][INFO ][o.e.n.Node               ] node name [w_6bV9o] derived from node ID [w_6bV9orSiGBnAiO73nMrw]; set [node.name] to override
[2017-08-29T16:40:17,609][INFO ][o.e.n.Node               ] version[5.5.2], pid[17835], build[b2f0c09/2017-08-14T12:33:14.154Z], OS[Mac OS X/10.12.6/x86_64], JVM[Oracle Corporation/Java HotSpot(TM) 64-Bit Server VM/1.8.0_131/25.131-b11]
[2017-08-29T16:40:17,609][INFO ][o.e.n.Node               ] JVM arguments [-Xms2g, -Xmx2g, -XX:+UseConcMarkSweepGC, -XX:CMSInitiatingOccupancyFraction=75, -XX:+UseCMSInitiatingOccupancyOnly, -XX:+AlwaysPreTouch, -Xss1m, -Djava.awt.headless=true, -Dfile.encoding=UTF-8, -Djna.nosys=true, -Djdk.io.permissionsUseCanonicalPath=true, -Dio.netty.noUnsafe=true, -Dio.netty.noKeySetOptimization=true, -Dio.netty.recycler.maxCapacityPerThread=0, -Dlog4j.shutdownHookEnabled=false, -Dlog4j2.disable.jmx=true, -Dlog4j.skipJansi=true, -XX:+HeapDumpOnOutOfMemoryError, -Des.path.home=/Users/john2501/Desktop/elasticsearch-5.5.2 3]
[2017-08-29T16:40:18,445][INFO ][o.e.p.PluginsService     ] [w_6bV9o] loaded module [aggs-matrix-stats]
[2017-08-29T16:40:18,445][INFO ][o.e.p.PluginsService     ] [w_6bV9o] loaded module [ingest-common]
[2017-08-29T16:40:18,445][INFO ][o.e.p.PluginsService     ] [w_6bV9o] loaded module [lang-expression]
[2017-08-29T16:40:18,445][INFO ][o.e.p.PluginsService     ] [w_6bV9o] loaded module [lang-groovy]
[2017-08-29T16:40:18,445][INFO ][o.e.p.PluginsService     ] [w_6bV9o] loaded module [lang-mustache]
[2017-08-29T16:40:18,445][INFO ][o.e.p.PluginsService     ] [w_6bV9o] loaded module [lang-painless]
[2017-08-29T16:40:18,446][INFO ][o.e.p.PluginsService     ] [w_6bV9o] loaded module [parent-join]
[2017-08-29T16:40:18,446][INFO ][o.e.p.PluginsService     ] [w_6bV9o] loaded module [percolator]
[2017-08-29T16:40:18,446][INFO ][o.e.p.PluginsService     ] [w_6bV9o] loaded module [reindex]
[2017-08-29T16:40:18,446][INFO ][o.e.p.PluginsService     ] [w_6bV9o] loaded module [transport-netty3]
[2017-08-29T16:40:18,446][INFO ][o.e.p.PluginsService     ] [w_6bV9o] loaded module [transport-netty4]
[2017-08-29T16:40:18,447][INFO ][o.e.p.PluginsService     ] [w_6bV9o] no plugins loaded
[2017-08-29T16:40:20,079][INFO ][o.e.d.DiscoveryModule    ] [w_6bV9o] using discovery type [zen]
[2017-08-29T16:40:20,537][INFO ][o.e.n.Node               ] initialized
[2017-08-29T16:40:20,537][INFO ][o.e.n.Node               ] [w_6bV9o] starting ...
[2017-08-29T16:40:20,702][INFO ][o.e.t.TransportService   ] [w_6bV9o] publish_address {127.0.0.1:9300}, bound_addresses {[fe80::1]:9300}, {[::1]:9300}, {127.0.0.1:9300}
[2017-08-29T16:40:23,745][INFO ][o.e.c.s.ClusterService   ] [w_6bV9o] new_master {w_6bV9o}{w_6bV9orSiGBnAiO73nMrw}{aUYLCH1yQOyMlQzJ6gp9Xw}{127.0.0.1}{127.0.0.1:9300}, reason: zen-disco-elected-as-master ([0] nodes joined)
[2017-08-29T16:40:23,764][INFO ][o.e.h.n.Netty4HttpServerTransport] [w_6bV9o] publish_address {127.0.0.1:9200}, bound_addresses {[fe80::1]:9200}, {[::1]:9200}, {127.0.0.1:9200}
[2017-08-29T16:40:23,764][INFO ][o.e.n.Node               ] [w_6bV9o] started
[2017-08-29T16:40:23,768][INFO ][o.e.g.GatewayService     ] [w_6bV9o] recovered [0] indices into cluster_state
